<?xml version="1.0" encoding="UTF-8"?>
<!-- Generated by org.testng.reporters.JUnitReportReporter -->
<testsuite hostname="NEWGEN-LPT-106" failures="0" tests="1" name="Git.testGit" time="0.012" errors="0" timestamp="2024-08-23T16:47:53 IST" skipped="0">
  <testcase classname="Git.testGit" name="name" time="0.012"/>
</testsuite> <!-- Git.testGit -->
